<?xml version="1.0" encoding="UTF-8"?>
<!-- Generated by org.testng.reporters.JUnitReportReporter -->
<testsuite hostname="IBM-72LYGY3" failures="0" tests="3" name="Act9_2" time="0.231" errors="0" timestamp="2024-02-06T10:18:45 IST" skipped="0">
  <testcase classname="Act9_2" name="simpleAlertTestCase" time="0.085">
    <system-out>
      <![CDATA[simpleAlertTestCase() started |
Simple Alert opened |
Switched foucs to alert |
Alert text is: This is a JavaScript Alert! |
Alert closed
Test case ended |]]>
    </system-out>
  </testcase> <!-- simpleAlertTestCase -->
  <testcase classname="Act9_2" name="confirmAlertTestCase" time="0.067">
    <system-out>
      <![CDATA[confirmAlertTestCase() started |
Confirm Alert opened |
Switched foucs to alert |
Alert text is: This is a JavaScript Confirmation! |
Alert closed |
Test case ended |]]>
    </system-out>
  </testcase> <!-- confirmAlertTestCase -->
  <testcase classname="Act9_2" name="promptAlertTestCase" time="0.079">
    <system-out>
      <![CDATA[promptAlertTestCase() started |
Prompt Alert opened |
Switched foucs to alert |
Alert text is: This is a JavaScript Prompt! |
Text entered in prompt alert |
Alert closed |
Test case ended |]]>
    </system-out>
  </testcase> <!-- promptAlertTestCase -->
  <system-out>
    <![CDATA[Starting Test |
Opened Browser |
Page title is Javascript Alerts |
Test Case Setup started |
simpleAlertTestCase() started |
Simple Alert opened |
Switched foucs to alert |
Alert text is: This is a JavaScript Alert! |
Alert closed
Test case ended |
Test Case Setup started |
confirmAlertTestCase() started |
Confirm Alert opened |
Switched foucs to alert |
Alert text is: This is a JavaScript Confirmation! |
Alert closed |
Test case ended |
Test Case Setup started |
promptAlertTestCase() started |
Prompt Alert opened |
Switched foucs to alert |
Alert text is: This is a JavaScript Prompt! |
Text entered in prompt alert |
Alert closed |
Test case ended |
Ending Test |]]>
  </system-out>
</testsuite> <!-- Act9_2 -->
