<?xml version="1.0" encoding="UTF-8"?>
<!-- Generated by org.testng.reporters.JUnitReportReporter -->
<testsuite hostname="IBM-72LYGY3" failures="0" tests="3" name="Activity_9" time="0.240" errors="0" timestamp="2024-02-06T10:04:48 IST" skipped="0">
  <testcase classname="Activity_9" name="confirmAlertTestCase" time="0.081"/>
  <testcase classname="Activity_9" name="promptAlertTestCase" time="0.077"/>
  <testcase classname="Activity_9" name="simpleAlertTestCase" time="0.082"/>
</testsuite> <!-- Activity_9 -->
